# JRE version: OpenJDK Runtime Environment Temurin-21.0.10+7 (21.0.10+7) (build 21.0.10+7-LTS)
# Java VM: OpenJDK 64-Bit Server VM Temurin-21.0.10+7 (21.0.10+7-LTS, mixed mode, sharing, tiered, compressed oops, compressed class ptrs, parallel gc, windows-amd64)
GC Precious Log:
 CardTable entry size: 512
 CPUs: 4 total, 4 available
 Memory: 7843M
 Large Page Support: Disabled
 NUMA Support: Disabled
 Compressed Oops: Enabled (32-bit)
 Alignments: Space 512K, Generation 512K, Heap 2M
 Heap Min Capacity: 100M
 Heap Initial Capacity: 100M
 Heap Max Capacity: 2G
 Pre-touch: Disabled
 Parallel Workers: 4
Heap:
 PSYoungGen      total 5120K, used 4232K [0x00000000d5580000, 0x00000000d5d00000, 0x0000000100000000)
  eden space 4608K, 88% used [0x00000000d5580000,0x00000000d597a090,0x00000000d5a00000)
  from space 512K, 31% used [0x00000000d5c80000,0x00000000d5ca8000,0x00000000d5d00000)
  to   space 512K, 0% used [0x00000000d5a00000,0x00000000d5a00000,0x00000000d5a80000)
 ParOldGen       total 419840K, used 343169K [0x0000000080000000, 0x0000000099a00000, 0x00000000d5580000)
  object space 419840K, 81% used [0x0000000080000000,0x0000000094f20728,0x0000000099a00000)
 Metaspace       used 86310K, committed 88064K, reserved 1179648K
  class space    used 10355K, committed 11072K, reserved 1048576K
GC Heap History (20 events):
Event: 920.542 GC heap before
{Heap before GC invocations=684 (full 3):
 PSYoungGen      total 5120K, used 4800K [0x00000000d5580000, 0x00000000d5d00000, 0x0000000100000000)
  eden space 4608K, 100% used [0x00000000d5580000,0x00000000d5a00000,0x00000000d5a00000)
  from space 512K, 37% used [0x00000000d5c80000,0x00000000d5cb0000,0x00000000d5d00000)
  to   space 512K, 0% used [0x00000000d5a00000,0x00000000d5a00000,0x00000000d5a80000)
 ParOldGen       total 419840K, used 341685K [0x0000000080000000, 0x0000000099a00000, 0x00000000d5580000)
  object space 419840K, 81% used [0x0000000080000000,0x0000000094dad690,0x0000000099a00000)
 Metaspace       used 81947K, committed 83712K, reserved 1179648K
  class space    used 9655K, committed 10368K, reserved 1048576K
}
Event: 920.546 GC heap after
{Heap after GC invocations=684 (full 3):
 PSYoungGen      total 5120K, used 320K [0x00000000d5580000, 0x00000000d5d00000, 0x0000000100000000)
  eden space 4608K, 0% used [0x00000000d5580000,0x00000000d5580000,0x00000000d5a00000)
  from space 512K, 62% used [0x00000000d5a00000,0x00000000d5a50000,0x00000000d5a80000)
  to   space 512K, 0% used [0x00000000d5c80000,0x00000000d5c80000,0x00000000d5d00000)
 ParOldGen       total 419840K, used 341837K [0x0000000080000000, 0x0000000099a00000, 0x00000000d5580000)
  object space 419840K, 81% used [0x0000000080000000,0x0000000094dd36a0,0x0000000099a00000)
 Metaspace       used 81947K, committed 83712K, reserved 1179648K
  class space    used 9655K, committed 10368K, reserved 1048576K
}
Event: 920.690 GC heap before
{Heap before GC invocations=685 (full 3):
 PSYoungGen      total 5120K, used 4928K [0x00000000d5580000, 0x00000000d5d00000, 0x0000000100000000)
  eden space 4608K, 100% used [0x00000000d5580000,0x00000000d5a00000,0x00000000d5a00000)
  from space 512K, 62% used [0x00000000d5a00000,0x00000000d5a50000,0x00000000d5a80000)
  to   space 512K, 0% used [0x00000000d5c80000,0x00000000d5c80000,0x00000000d5d00000)
 ParOldGen       total 419840K, used 341837K [0x0000000080000000, 0x0000000099a00000, 0x00000000d5580000)
  object space 419840K, 81% used [0x0000000080000000,0x0000000094dd36a0,0x0000000099a00000)
 Metaspace       used 82360K, committed 84096K, reserved 1179648K
  class space    used 9732K, committed 10432K, reserved 1048576K
}
Event: 920.696 GC heap after
{Heap after GC invocations=685 (full 3):
 PSYoungGen      total 5120K, used 272K [0x00000000d5580000, 0x00000000d5d00000, 0x0000000100000000)
  eden space 4608K, 0% used [0x00000000d5580000,0x00000000d5580000,0x00000000d5a00000)
  from space 512K, 53% used [0x00000000d5c80000,0x00000000d5cc4010,0x00000000d5d00000)
  to   space 512K, 0% used [0x00000000d5a00000,0x00000000d5a00000,0x00000000d5a80000)
 ParOldGen       total 419840K, used 342093K [0x0000000080000000, 0x0000000099a00000, 0x00000000d5580000)
  object space 419840K, 81% used [0x0000000080000000,0x0000000094e136a0,0x0000000099a00000)
 Metaspace       used 82360K, committed 84096K, reserved 1179648K
  class space    used 9732K, committed 10432K, reserved 1048576K
}
Event: 920.845 GC heap before
{Heap before GC invocations=686 (full 3):
 PSYoungGen      total 5120K, used 4880K [0x00000000d5580000, 0x00000000d5d00000, 0x0000000100000000)
  eden space 4608K, 100% used [0x00000000d5580000,0x00000000d5a00000,0x00000000d5a00000)
  from space 512K, 53% used [0x00000000d5c80000,0x00000000d5cc4010,0x00000000d5d00000)
  to   space 512K, 0% used [0x00000000d5a00000,0x00000000d5a00000,0x00000000d5a80000)
 ParOldGen       total 419840K, used 342093K [0x0000000080000000, 0x0000000099a00000, 0x00000000d5580000)
  object space 419840K, 81% used [0x0000000080000000,0x0000000094e136a0,0x0000000099a00000)
 Metaspace       used 82885K, committed 84672K, reserved 1179648K
  class space    used 9820K, committed 10560K, reserved 1048576K
}
Event: 920.849 GC heap after
{Heap after GC invocations=686 (full 3):
 PSYoungGen      total 5120K, used 192K [0x00000000d5580000, 0x00000000d5d00000, 0x0000000100000000)
  eden space 4608K, 0% used [0x00000000d5580000,0x00000000d5580000,0x00000000d5a00000)
  from space 512K, 37% used [0x00000000d5a00000,0x00000000d5a30000,0x00000000d5a80000)
  to   space 512K, 0% used [0x00000000d5c80000,0x00000000d5c80000,0x00000000d5d00000)
 ParOldGen       total 419840K, used 342317K [0x0000000080000000, 0x0000000099a00000, 0x00000000d5580000)
  object space 419840K, 81% used [0x0000000080000000,0x0000000094e4b6c0,0x0000000099a00000)
 Metaspace       used 82885K, committed 84672K, reserved 1179648K
  class space    used 9820K, committed 10560K, reserved 1048576K
}
Event: 920.990 GC heap before
{Heap before GC invocations=687 (full 3):
 PSYoungGen      total 5120K, used 4800K [0x00000000d5580000, 0x00000000d5d00000, 0x0000000100000000)
  eden space 4608K, 100% used [0x00000000d5580000,0x00000000d5a00000,0x00000000d5a00000)
  from space 512K, 37% used [0x00000000d5a00000,0x00000000d5a30000,0x00000000d5a80000)
  to   space 512K, 0% used [0x00000000d5c80000,0x00000000d5c80000,0x00000000d5d00000)
 ParOldGen       total 419840K, used 342317K [0x0000000080000000, 0x0000000099a00000, 0x00000000d5580000)
  object space 419840K, 81% used [0x0000000080000000,0x0000000094e4b6c0,0x0000000099a00000)
 Metaspace       used 83474K, committed 85248K, reserved 1179648K
  class space    used 9907K, committed 10624K, reserved 1048576K
}
Event: 920.993 GC heap after
{Heap after GC invocations=687 (full 3):
 PSYoungGen      total 5120K, used 224K [0x00000000d5580000, 0x00000000d5d00000, 0x0000000100000000)
  eden space 4608K, 0% used [0x00000000d5580000,0x00000000d5580000,0x00000000d5a00000)
  from space 512K, 43% used [0x00000000d5c80000,0x00000000d5cb8000,0x00000000d5d00000)
  to   space 512K, 0% used [0x00000000d5a00000,0x00000000d5a00000,0x00000000d5a80000)
 ParOldGen       total 419840K, used 342450K [0x0000000080000000, 0x0000000099a00000, 0x00000000d5580000)
  object space 419840K, 81% used [0x0000000080000000,0x0000000094e6ca18,0x0000000099a00000)
 Metaspace       used 83474K, committed 85248K, reserved 1179648K
  class space    used 9907K, committed 10624K, reserved 1048576K
}
Event: 921.154 GC heap before
{Heap before GC invocations=688 (full 3):
 PSYoungGen      total 5120K, used 4832K [0x00000000d5580000, 0x00000000d5d00000, 0x0000000100000000)
  eden space 4608K, 100% used [0x00000000d5580000,0x00000000d5a00000,0x00000000d5a00000)
  from space 512K, 43% used [0x00000000d5c80000,0x00000000d5cb8000,0x00000000d5d00000)
  to   space 512K, 0% used [0x00000000d5a00000,0x00000000d5a00000,0x00000000d5a80000)
 ParOldGen       total 419840K, used 342450K [0x0000000080000000, 0x0000000099a00000, 0x00000000d5580000)
  object space 419840K, 81% used [0x0000000080000000,0x0000000094e6ca18,0x0000000099a00000)
 Metaspace       used 83955K, committed 85760K, reserved 1179648K
  class space    used 9985K, committed 10752K, reserved 1048576K
}
Event: 921.160 GC heap after
{Heap after GC invocations=688 (full 3):
 PSYoungGen      total 5120K, used 192K [0x00000000d5580000, 0x00000000d5d00000, 0x0000000100000000)
  eden space 4608K, 0% used [0x00000000d5580000,0x00000000d5580000,0x00000000d5a00000)
  from space 512K, 37% used [0x00000000d5a00000,0x00000000d5a30000,0x00000000d5a80000)
  to   space 512K, 0% used [0x00000000d5c80000,0x00000000d5c80000,0x00000000d5d00000)
 ParOldGen       total 419840K, used 342578K [0x0000000080000000, 0x0000000099a00000, 0x00000000d5580000)
  object space 419840K, 81% used [0x0000000080000000,0x0000000094e8ca18,0x0000000099a00000)
 Metaspace       used 83955K, committed 85760K, reserved 1179648K
  class space    used 9985K, committed 10752K, reserved 1048576K
}
Event: 921.287 GC heap before
{Heap before GC invocations=689 (full 3):
 PSYoungGen      total 5120K, used 4800K [0x00000000d5580000, 0x00000000d5d00000, 0x0000000100000000)
  eden space 4608K, 100% used [0x00000000d5580000,0x00000000d5a00000,0x00000000d5a00000)
  from space 512K, 37% used [0x00000000d5a00000,0x00000000d5a30000,0x00000000d5a80000)
  to   space 512K, 0% used [0x00000000d5c80000,0x00000000d5c80000,0x00000000d5d00000)
 ParOldGen       total 419840K, used 342578K [0x0000000080000000, 0x0000000099a00000, 0x00000000d5580000)
  object space 419840K, 81% used [0x0000000080000000,0x0000000094e8ca18,0x0000000099a00000)
 Metaspace       used 84409K, committed 86208K, reserved 1179648K
  class space    used 10067K, committed 10816K, reserved 1048576K
}
Event: 921.291 GC heap after
{Heap after GC invocations=689 (full 3):
 PSYoungGen      total 5120K, used 192K [0x00000000d5580000, 0x00000000d5d00000, 0x0000000100000000)
  eden space 4608K, 0% used [0x00000000d5580000,0x00000000d5580000,0x00000000d5a00000)
  from space 512K, 37% used [0x00000000d5c80000,0x00000000d5cb0000,0x00000000d5d00000)
  to   space 512K, 0% used [0x00000000d5a00000,0x00000000d5a00000,0x00000000d5a80000)
 ParOldGen       total 419840K, used 342706K [0x0000000080000000, 0x0000000099a00000, 0x00000000d5580000)
  object space 419840K, 81% used [0x0000000080000000,0x0000000094eaca18,0x0000000099a00000)
 Metaspace       used 84409K, committed 86208K, reserved 1179648K
  class space    used 10067K, committed 10816K, reserved 1048576K
}
Event: 921.437 GC heap before
{Heap before GC invocations=690 (full 3):
 PSYoungGen      total 5120K, used 4799K [0x00000000d5580000, 0x00000000d5d00000, 0x0000000100000000)
  eden space 4608K, 99% used [0x00000000d5580000,0x00000000d59ffff8,0x00000000d5a00000)
  from space 512K, 37% used [0x00000000d5c80000,0x00000000d5cb0000,0x00000000d5d00000)
  to   space 512K, 0% used [0x00000000d5a00000,0x00000000d5a00000,0x00000000d5a80000)
 ParOldGen       total 419840K, used 342706K [0x0000000080000000, 0x0000000099a00000, 0x00000000d5580000)
  object space 419840K, 81% used [0x0000000080000000,0x0000000094eaca18,0x0000000099a00000)
 Metaspace       used 84845K, committed 86592K, reserved 1179648K
  class space    used 10154K, committed 10880K, reserved 1048576K
}
Event: 921.441 GC heap after
{Heap after GC invocations=690 (full 3):
 PSYoungGen      total 5120K, used 218K [0x00000000d5580000, 0x00000000d5d00000, 0x0000000100000000)
  eden space 4608K, 0% used [0x00000000d5580000,0x00000000d5580000,0x00000000d5a00000)
  from space 512K, 42% used [0x00000000d5a00000,0x00000000d5a369e0,0x00000000d5a80000)
  to   space 512K, 0% used [0x00000000d5c80000,0x00000000d5c80000,0x00000000d5d00000)
 ParOldGen       total 419840K, used 342841K [0x0000000080000000, 0x0000000099a00000, 0x00000000d5580000)
  object space 419840K, 81% used [0x0000000080000000,0x0000000094ece728,0x0000000099a00000)
 Metaspace       used 84845K, committed 86592K, reserved 1179648K
  class space    used 10154K, committed 10880K, reserved 1048576K
}
Event: 921.718 GC heap before
{Heap before GC invocations=691 (full 3):
 PSYoungGen      total 5120K, used 4826K [0x00000000d5580000, 0x00000000d5d00000, 0x0000000100000000)
  eden space 4608K, 100% used [0x00000000d5580000,0x00000000d5a00000,0x00000000d5a00000)
  from space 512K, 42% used [0x00000000d5a00000,0x00000000d5a369e0,0x00000000d5a80000)
  to   space 512K, 0% used [0x00000000d5c80000,0x00000000d5c80000,0x00000000d5d00000)
 ParOldGen       total 419840K, used 342841K [0x0000000080000000, 0x0000000099a00000, 0x00000000d5580000)
  object space 419840K, 81% used [0x0000000080000000,0x0000000094ece728,0x0000000099a00000)
 Metaspace       used 85466K, committed 87296K, reserved 1179648K
  class space    used 10246K, committed 11008K, reserved 1048576K
}
Event: 921.722 GC heap after
{Heap after GC invocations=691 (full 3):
 PSYoungGen      total 5120K, used 160K [0x00000000d5580000, 0x00000000d5d00000, 0x0000000100000000)
  eden space 4608K, 0% used [0x00000000d5580000,0x00000000d5580000,0x00000000d5a00000)
  from space 512K, 31% used [0x00000000d5c80000,0x00000000d5ca8000,0x00000000d5d00000)
  to   space 512K, 0% used [0x00000000d5a00000,0x00000000d5a00000,0x00000000d5a80000)
 ParOldGen       total 419840K, used 342929K [0x0000000080000000, 0x0000000099a00000, 0x00000000d5580000)
  object space 419840K, 81% used [0x0000000080000000,0x0000000094ee4728,0x0000000099a00000)
 Metaspace       used 85466K, committed 87296K, reserved 1179648K
  class space    used 10246K, committed 11008K, reserved 1048576K
}
Event: 924.877 GC heap before
{Heap before GC invocations=692 (full 3):
 PSYoungGen      total 5120K, used 4768K [0x00000000d5580000, 0x00000000d5d00000, 0x0000000100000000)
  eden space 4608K, 100% used [0x00000000d5580000,0x00000000d5a00000,0x00000000d5a00000)
  from space 512K, 31% used [0x00000000d5c80000,0x00000000d5ca8000,0x00000000d5d00000)
  to   space 512K, 0% used [0x00000000d5a00000,0x00000000d5a00000,0x00000000d5a80000)
 ParOldGen       total 419840K, used 342929K [0x0000000080000000, 0x0000000099a00000, 0x00000000d5580000)
  object space 419840K, 81% used [0x0000000080000000,0x0000000094ee4728,0x0000000099a00000)
 Metaspace       used 85602K, committed 87360K, reserved 1179648K
  class space    used 10264K, committed 11008K, reserved 1048576K
}
Event: 924.882 GC heap after
{Heap after GC invocations=692 (full 3):
 PSYoungGen      total 5120K, used 160K [0x00000000d5580000, 0x00000000d5d00000, 0x0000000100000000)
  eden space 4608K, 0% used [0x00000000d5580000,0x00000000d5580000,0x00000000d5a00000)
  from space 512K, 31% used [0x00000000d5a00000,0x00000000d5a28000,0x00000000d5a80000)
  to   space 512K, 0% used [0x00000000d5c80000,0x00000000d5c80000,0x00000000d5d00000)
 ParOldGen       total 419840K, used 343081K [0x0000000080000000, 0x0000000099a00000, 0x00000000d5580000)
  object space 419840K, 81% used [0x0000000080000000,0x0000000094f0a728,0x0000000099a00000)
 Metaspace       used 85602K, committed 87360K, reserved 1179648K
  class space    used 10264K, committed 11008K, reserved 1048576K
}
Event: 925.106 GC heap before
{Heap before GC invocations=693 (full 3):
 PSYoungGen      total 5120K, used 4768K [0x00000000d5580000, 0x00000000d5d00000, 0x0000000100000000)
  eden space 4608K, 100% used [0x00000000d5580000,0x00000000d5a00000,0x00000000d5a00000)
  from space 512K, 31% used [0x00000000d5a00000,0x00000000d5a28000,0x00000000d5a80000)
  to   space 512K, 0% used [0x00000000d5c80000,0x00000000d5c80000,0x00000000d5d00000)
 ParOldGen       total 419840K, used 343081K [0x0000000080000000, 0x0000000099a00000, 0x00000000d5580000)
  object space 419840K, 81% used [0x0000000080000000,0x0000000094f0a728,0x0000000099a00000)
 Metaspace       used 85736K, committed 87488K, reserved 1179648K
  class space    used 10282K, committed 11008K, reserved 1048576K
}
Event: 925.109 GC heap after
{Heap after GC invocations=693 (full 3):
 PSYoungGen      total 5120K, used 160K [0x00000000d5580000, 0x00000000d5d00000, 0x0000000100000000)
  eden space 4608K, 0% used [0x00000000d5580000,0x00000000d5580000,0x00000000d5a00000)
  from space 512K, 31% used [0x00000000d5c80000,0x00000000d5ca8000,0x00000000d5d00000)
  to   space 512K, 0% used [0x00000000d5a00000,0x00000000d5a00000,0x00000000d5a80000)
 ParOldGen       total 419840K, used 343169K [0x0000000080000000, 0x0000000099a00000, 0x00000000d5580000)
  object space 419840K, 81% used [0x0000000080000000,0x0000000094f20728,0x0000000099a00000)
 Metaspace       used 85736K, committed 87488K, reserved 1179648K
  class space    used 10282K, committed 11008K, reserved 1048576K
}

